<?xml version="1.0" encoding="UTF-8"?>
<!-- Generated by org.testng.reporters.JUnitReportReporter -->
<testsuite skipped="0" hostname="Govind-PC" name="com.ijmeet.HomepageTest" tests="1" failures="0" timestamp="2020-08-15T19:23:03 IST" time="0.051" errors="0">
  <testcase name="TC01" time="0.051" classname="com.ijmeet.HomepageTest"/>
</testsuite> <!-- com.ijmeet.HomepageTest -->
